{"numFailedTestSuites":0,"numFailedTests":0,"numPassedTestSuites":1,"numPassedTests":26,"numPendingTestSuites":0,"numPendingTests":0,"numRuntimeErrorTestSuites":0,"numTodoTests":0,"numTotalTestSuites":1,"numTotalTests":26,"openHandles":[],"snapshot":{"added":0,"didUpdate":false,"failure":false,"filesAdded":0,"filesRemoved":0,"filesUnmatched":0,"filesUpdated":0,"matched":0,"total":0,"unchecked":0,"uncheckedKeysByFile":[],"unmatched":0,"updated":0},"startTime":1565104953826,"success":true,"testResults":[{"assertionResults":[{"ancestorTitles":["Datepicker helpers tests","getDayPositionInWeek tests"],"failureMessages":[],"fullName":"Datepicker helpers tests getDayPositionInWeek tests getDayPositionInWeek 26.12.2018 is 3","location":null,"status":"passed","title":"getDayPositionInWeek 26.12.2018 is 3"},{"ancestorTitles":["Datepicker helpers tests","getDayPositionInWeek tests"],"failureMessages":[],"fullName":"Datepicker helpers tests getDayPositionInWeek tests getDayPositionInWeek 30.12.2018 is 7","location":null,"status":"passed","title":"getDayPositionInWeek 30.12.2018 is 7"},{"ancestorTitles":["Datepicker helpers tests","isLeapYear tests"],"failureMessages":[],"fullName":"Datepicker helpers tests isLeapYear tests 2012 isLeap","location":null,"status":"passed","title":"2012 isLeap"},{"ancestorTitles":["Datepicker helpers tests","isLeapYear tests"],"failureMessages":[],"fullName":"Datepicker helpers tests isLeapYear tests 2013 not isLeap","location":null,"status":"passed","title":"2013 not isLeap"},{"ancestorTitles":["Datepicker helpers tests","getDays tests"],"failureMessages":[],"fullName":"Datepicker helpers tests getDays tests getDays january 2018","location":null,"status":"passed","title":"getDays january 2018"},{"ancestorTitles":["Datepicker helpers tests","getDays tests"],"failureMessages":[],"fullName":"Datepicker helpers tests getDays tests getDays february 2018","location":null,"status":"passed","title":"getDays february 2018"},{"ancestorTitles":["Datepicker helpers tests","getDays tests"],"failureMessages":[],"fullName":"Datepicker helpers tests getDays tests getDays february 2012","location":null,"status":"passed","title":"getDays february 2012"},{"ancestorTitles":["Datepicker helpers tests","prevNextMonthDays tests"],"failureMessages":[],"fullName":"Datepicker helpers tests prevNextMonthDays tests prevNextMonthDays february 2019","location":null,"status":"passed","title":"prevNextMonthDays february 2019"},{"ancestorTitles":["Datepicker helpers tests","prevNextMonthDays tests"],"failureMessages":[],"fullName":"Datepicker helpers tests prevNextMonthDays tests prevNextMonthDays сентябрь 2018 - выводить неделю следующего месяца в конце","location":null,"status":"passed","title":"prevNextMonthDays сентябрь 2018 - выводить неделю следующего месяца в конце"},{"ancestorTitles":["Datepicker helpers tests","prevNextMonthDays tests"],"failureMessages":[],"fullName":"Datepicker helpers tests prevNextMonthDays tests prevNextMonthDays январь 2018 - месяц начинается с понедельника (не выводить предыдущий месяц)","location":null,"status":"passed","title":"prevNextMonthDays январь 2018 - месяц начинается с понедельника (не выводить предыдущий месяц)"},{"ancestorTitles":["Datepicker helpers tests","StringDateToDate tests"],"failureMessages":[],"fullName":"Datepicker helpers tests StringDateToDate tests no params","location":null,"status":"passed","title":"no params"},{"ancestorTitles":["Datepicker helpers tests","StringDateToDate tests"],"failureMessages":[],"fullName":"Datepicker helpers tests StringDateToDate tests null params","location":null,"status":"passed","title":"null params"},{"ancestorTitles":["Datepicker helpers tests","StringDateToDate tests"],"failureMessages":[],"fullName":"Datepicker helpers tests StringDateToDate tests no year","location":null,"status":"passed","title":"no year"},{"ancestorTitles":["Datepicker helpers tests","StringDateToDate tests"],"failureMessages":[],"fullName":"Datepicker helpers tests StringDateToDate tests current date","location":null,"status":"passed","title":"current date"},{"ancestorTitles":["Datepicker helpers tests","getDaysBetweenDates"],"failureMessages":[],"fullName":"Datepicker helpers tests getDaysBetweenDates getDaysBetweenDates empty params ","location":null,"status":"passed","title":"getDaysBetweenDates empty params "},{"ancestorTitles":["Datepicker helpers tests","getDaysBetweenDates"],"failureMessages":[],"fullName":"Datepicker helpers tests getDaysBetweenDates getDaysBetweenDates startDate: null и endDate:null ","location":null,"status":"passed","title":"getDaysBetweenDates startDate: null и endDate:null "},{"ancestorTitles":["Datepicker helpers tests","getDaysBetweenDates"],"failureMessages":[],"fullName":"Datepicker helpers tests getDaysBetweenDates getDaysBetweenDates startDate: 05.01.2019 и endDate: 01.01.2019 startDate > endDate ","location":null,"status":"passed","title":"getDaysBetweenDates startDate: 05.01.2019 и endDate: 01.01.2019 startDate > endDate "},{"ancestorTitles":["Datepicker helpers tests","getDaysBetweenDates"],"failureMessages":[],"fullName":"Datepicker helpers tests getDaysBetweenDates getDaysBetweenDates 01.01.2019 и 03.01.2019 включая 3 число","location":null,"status":"passed","title":"getDaysBetweenDates 01.01.2019 и 03.01.2019 включая 3 число"},{"ancestorTitles":["Datepicker helpers tests","getDaysBetweenDates"],"failureMessages":[],"fullName":"Datepicker helpers tests getDaysBetweenDates getDaysBetweenDates 01.01.2019 и 03.01.2019 не включая 3 число","location":null,"status":"passed","title":"getDaysBetweenDates 01.01.2019 и 03.01.2019 не включая 3 число"},{"ancestorTitles":["Datepicker helpers tests","getDatesByPeriod"],"failureMessages":[],"fullName":"Datepicker helpers tests getDatesByPeriod getDatesByPeriod 01.01.2019 и 03.01.2019","location":null,"status":"passed","title":"getDatesByPeriod 01.01.2019 и 03.01.2019"},{"ancestorTitles":["Datepicker helpers tests","getDatesByPeriod"],"failureMessages":[],"fullName":"Datepicker helpers tests getDatesByPeriod getDatesByPeriod startDate: 05.01.2019 и endDate: 01.01.2019 startDate > endDate ","location":null,"status":"passed","title":"getDatesByPeriod startDate: 05.01.2019 и endDate: 01.01.2019 startDate > endDate "},{"ancestorTitles":["Datepicker helpers tests","getDatesByPeriod"],"failureMessages":[],"fullName":"Datepicker helpers tests getDatesByPeriod getDatesByPeriod empty params ","location":null,"status":"passed","title":"getDatesByPeriod empty params "},{"ancestorTitles":["Datepicker helpers tests","getDatesByPeriod"],"failureMessages":[],"fullName":"Datepicker helpers tests getDatesByPeriod getDatesByPeriod startDate: null и endDate:null ","location":null,"status":"passed","title":"getDatesByPeriod startDate: null и endDate:null "},{"ancestorTitles":["Datepicker helpers tests","getDatesByPeriod"],"failureMessages":[],"fullName":"Datepicker helpers tests getDatesByPeriod getDatesByPeriod 01.01.2019 и 03.01.2019 включая 3 число","location":null,"status":"passed","title":"getDatesByPeriod 01.01.2019 и 03.01.2019 включая 3 число"},{"ancestorTitles":["Datepicker helpers tests","getDatesByPeriod"],"failureMessages":[],"fullName":"Datepicker helpers tests getDatesByPeriod getDatesByPeriod 01.01.2019 и 03.01.2019 не включая 3 число","location":null,"status":"passed","title":"getDatesByPeriod 01.01.2019 и 03.01.2019 не включая 3 число"},{"ancestorTitles":["Datepicker helpers tests","getDatesByPeriod"],"failureMessages":[],"fullName":"Datepicker helpers tests getDatesByPeriod getDatesByPeriod 27.02.2019 и 28.02.2019 включая 28 число","location":null,"status":"passed","title":"getDatesByPeriod 27.02.2019 и 28.02.2019 включая 28 число"}],"endTime":1565104958069,"message":"","name":"C:\\Projects\\ible-components-react\\src\\tests\\components\\datepicker\\helpers.spec.js","startTime":1565104956472,"status":"passed","summary":""}],"wasInterrupted":false}